amlChat/build/outputs/logs/manifest-merger-debug-report.txt
-- Merging decision tree log ---
manifest
ADDED from src\main\AndroidManifest.xml:2:1-29:12
	package
		ADDED from src\main\AndroidManifest.xml:3:7-40
		INJECTED from src\main\AndroidManifest.xml
		INJECTED from src\main\AndroidManifest.xml
	android:sharedUserId
		ADDED from src\main\AndroidManifest.xml:6:7-48
	android:versionName
		ADDED from src\main\AndroidManifest.xml:5:7-32
		INJECTED from src\main\AndroidManifest.xml
		INJECTED from src\main\AndroidManifest.xml
	android:versionCode
		ADDED from src\main\AndroidManifest.xml:4:7-30
		INJECTED from src\main\AndroidManifest.xml
		INJECTED from src\main\AndroidManifest.xml
	xmlns:android
		ADDED from src\main\AndroidManifest.xml:2:11-69
uses-permission#android.permission.MOUNT_UNMOUNT_FILESYSTEMS
ADDED from src\main\AndroidManifest.xml:8:7-85
	android:name
		ADDED from src\main\AndroidManifest.xml:8:24-83
uses-permission#android.permission.CAMERA
ADDED from src\main\AndroidManifest.xml:9:7-67
	android:name
		ADDED from src\main\AndroidManifest.xml:9:24-64
uses-permission#android.permission.WRITE_EXTERNAL_STORAGE
ADDED from src\main\AndroidManifest.xml:10:7-83
	android:name
		ADDED from src\main\AndroidManifest.xml:10:24-80
uses-permission#android.permission.INTERNET
ADDED from src\main\AndroidManifest.xml:11:7-68
	android:name
		ADDED from src\main\AndroidManifest.xml:11:24-66
uses-permission#android.permission.RECORD_AUDIO
ADDED from src\main\AndroidManifest.xml:12:7-73
	android:name
		ADDED from src\main\AndroidManifest.xml:12:24-70
uses-sdk
ADDED from src\main\AndroidManifest.xml:14:7-15:41
	android:targetSdkVersion
		ADDED from src\main\AndroidManifest.xml:15:9-38
	android:minSdkVersion
		ADDED from src\main\AndroidManifest.xml:14:17-43
application
ADDED from src\main\AndroidManifest.xml:16:5-28:19
	android:label
		ADDED from src\main\AndroidManifest.xml:17:9-41
	android:icon
		ADDED from src\main\AndroidManifest.xml:19:9-45
	android:theme
		ADDED from src\main\AndroidManifest.xml:18:9-40
activity#com.amlogic.VideoPlayer.VideoPlayerActivity
ADDED from src\main\AndroidManifest.xml:20:9-27:20
	android:label
		ADDED from src\main\AndroidManifest.xml:21:19-51
	android:launchMode
		ADDED from src\main\AndroidManifest.xml:22:19-54
	android:name
		ADDED from src\main\AndroidManifest.xml:20:19-77
intent-filter#android.intent.action.MAIN+android.intent.category.LAUNCHER
ADDED from src\main\AndroidManifest.xml:23:13-26:29
action#android.intent.action.MAIN
ADDED from src\main\AndroidManifest.xml:24:17-69
	android:name
		ADDED from src\main\AndroidManifest.xml:24:25-66
category#android.intent.category.LAUNCHER
ADDED from src\main\AndroidManifest.xml:25:17-77
	android:name
		ADDED from src\main\AndroidManifest.xml:25:27-74